<?xml version="1.0" encoding="UTF-8"?>
<!-- Generated by org.testng.reporters.JUnitReportReporter -->
<testsuite skipped="0" hostname="hxnb-fcoronel" name="com.howtotestngdo.test.FirstTest" tests="2" failures="0" timestamp="19 Dec 2016 21:58:35 GMT" time="0.270" errors="0">
  <testcase name="testNavMenu" time="0.207" classname="com.howtotestngdo.test.FirstTest"/>
  <testcase name="launchSite" time="0.063" classname="com.howtotestngdo.test.FirstTest"/>
</testsuite> <!-- com.howtotestngdo.test.FirstTest -->
