<?xml version="1.0" encoding="UTF-8"?>
<!-- Generated by org.testng.reporters.JUnitReportReporter -->
<testsuite hostname="hxnb-fcoronel" name="com.howtotestngdo.test.FirstTest" tests="12" failures="0" timestamp="23 Nov 2016 14:40:19 GMT" time="28.500" errors="0">
  <testcase name="launchSite" time="0.012" classname="com.howtotestngdo.test.FirstTest"/>
  <testcase name="testNavigationFans" time="2.822" classname="com.howtotestngdo.test.FirstTest"/>
  <testcase name="testNavigationFurniture" time="2.107" classname="com.howtotestngdo.test.FirstTest"/>
  <testcase name="testNavigationLamps" time="2.591" classname="com.howtotestngdo.test.FirstTest"/>
  <testcase name="testNavMenu" time="0.423" classname="com.howtotestngdo.test.FirstTest"/>
  <testcase name="testNavigationChandeliers" time="2.449" classname="com.howtotestngdo.test.FirstTest"/>
  <testcase name="testChandeliersList" time="2.985" classname="com.howtotestngdo.test.FirstTest"/>
  <testcase name="testNavigationHomeDecor" time="2.506" classname="com.howtotestngdo.test.FirstTest"/>
  <testcase name="testNavigationCeilingLights" time="3.351" classname="com.howtotestngdo.test.FirstTest"/>
  <testcase name="testChandeliersList" time="3.312" classname="com.howtotestngdo.test.FirstTest"/>
  <testcase name="testNavigationOutdoor" time="3.112" classname="com.howtotestngdo.test.FirstTest"/>
  <testcase name="testNavigationWallLights" time="2.830" classname="com.howtotestngdo.test.FirstTest"/>
</testsuite> <!-- com.howtotestngdo.test.FirstTest -->
