<?xml version="1.0" encoding="UTF-8"?>
<!-- Generated by org.testng.reporters.JUnitReportReporter -->
<testsuite skipped="0" hostname="hxnb-fcoronel" name="com.howtotestngdo.test.FirstTest" tests="11" failures="0" timestamp="15 Dec 2016 19:25:13 GMT" time="28.435" errors="0">
  <testcase name="testNavigationCeilingLights" time="3.496" classname="com.howtotestngdo.test.FirstTest"/>
  <testcase name="testNavigationFurniture" time="2.867" classname="com.howtotestngdo.test.FirstTest"/>
  <testcase name="testNavigationLamps" time="2.850" classname="com.howtotestngdo.test.FirstTest"/>
  <testcase name="testChandeliersList" time="3.809" classname="com.howtotestngdo.test.FirstTest"/>
  <testcase name="testNavigationChandeliers" time="2.641" classname="com.howtotestngdo.test.FirstTest"/>
  <testcase name="testNavigationWallLights" time="2.614" classname="com.howtotestngdo.test.FirstTest"/>
  <testcase name="launchSite" time="0.104" classname="com.howtotestngdo.test.FirstTest"/>
  <testcase name="testNavMenu" time="0.540" classname="com.howtotestngdo.test.FirstTest"/>
  <testcase name="testNavigationFans" time="3.495" classname="com.howtotestngdo.test.FirstTest"/>
  <testcase name="testNavigationHomeDecor" time="2.729" classname="com.howtotestngdo.test.FirstTest"/>
  <testcase name="testNavigationOutdoor" time="3.290" classname="com.howtotestngdo.test.FirstTest"/>
</testsuite> <!-- com.howtotestngdo.test.FirstTest -->
